<?xml version="1.0" encoding="UTF-8"?>
<!-- Generated by org.testng.reporters.JUnitReportReporter -->
<testsuite skipped="0" hostname="SHQ-DL012-1" name="com.pxm.Test.LoginTest" tests="3" failures="0" timestamp="30 五月 2019 02:17:27 GMT" time="0.818" errors="0">
  <testcase name="pwd_fail" time="0.004" classname="com.pxm.Test.LoginTest"/>
  <testcase name="username_fail" time="0.102" classname="com.pxm.Test.LoginTest"/>
  <testcase name="Login_succ" time="0.712" classname="com.pxm.Test.LoginTest"/>
</testsuite> <!-- com.pxm.Test.LoginTest -->
