<?xml version="1.0" encoding="UTF-8"?>
<!-- Generated by org.testng.reporters.JUnitReportReporter -->
<testsuite skipped="0" hostname="SHQ-DL012-1" name="com.pxm.Test.InterfaceTest" tests="3" failures="0" timestamp="30 五月 2019 05:23:37 GMT" time="0.969" errors="0">
  <testcase name="login_out" time="0.035" classname="com.pxm.Test.InterfaceTest"/>
  <testcase name="Login_succ" time="0.821" classname="com.pxm.Test.InterfaceTest"/>
  <testcase name="currency_price" time="0.113" classname="com.pxm.Test.InterfaceTest"/>
</testsuite> <!-- com.pxm.Test.InterfaceTest -->
