<?xml version="1.0" encoding="UTF-8"?>
<!-- Generated by org.testng.reporters.JUnitReportReporter -->
<testsuite skipped="0" hostname="SHQ-DL012-1" name="com.pxm.Test.InterfaceTest" tests="6" failures="0" timestamp="30 五月 2019 08:09:22 GMT" time="0.871" errors="0">
  <testcase name="mobile_fail" time="0.062" classname="com.pxm.Test.InterfaceTest"/>
  <testcase name="password_fail" time="0.030" classname="com.pxm.Test.InterfaceTest"/>
  <testcase name="loginout_fail" time="0.023" classname="com.pxm.Test.InterfaceTest"/>
  <testcase name="currency_price" time="0.074" classname="com.pxm.Test.InterfaceTest"/>
  <testcase name="login_out" time="0.028" classname="com.pxm.Test.InterfaceTest"/>
  <testcase name="Login_succ" time="0.654" classname="com.pxm.Test.InterfaceTest"/>
</testsuite> <!-- com.pxm.Test.InterfaceTest -->
