<?xml version="1.0" encoding="UTF-8"?>
<!-- Generated by org.testng.reporters.JUnitReportReporter -->
<testsuite skipped="0" hostname="SHQ-DL012-1" name="com.pxm.Test.InterfaceTest" tests="7" failures="0" timestamp="03 六月 2019 07:25:21 GMT" time="1.066" errors="0">
  <testcase name="promotion" time="0.051" classname="com.pxm.Test.InterfaceTest"/>
  <testcase name="mobile_fail" time="0.045" classname="com.pxm.Test.InterfaceTest"/>
  <testcase name="password_fail" time="0.032" classname="com.pxm.Test.InterfaceTest"/>
  <testcase name="loginout_fail" time="0.030" classname="com.pxm.Test.InterfaceTest"/>
  <testcase name="currency_price" time="0.170" classname="com.pxm.Test.InterfaceTest"/>
  <testcase name="login_out" time="0.045" classname="com.pxm.Test.InterfaceTest"/>
  <testcase name="Login_succ" time="0.693" classname="com.pxm.Test.InterfaceTest"/>
</testsuite> <!-- com.pxm.Test.InterfaceTest -->
