<?xml version="1.0" encoding="UTF-8"?>
<!-- Generated by org.testng.reporters.JUnitReportReporter -->
<testsuite skipped="0" hostname="SHQ-DL012-1" name="com.pxm.Test.InterfaceTest" tests="3" failures="0" timestamp="30 五月 2019 03:04:16 GMT" time="0.818" errors="0">
  <testcase name="Login_succ" time="0.710" classname="com.pxm.Test.InterfaceTest"/>
  <testcase name="pwd_fail" time="0.034" classname="com.pxm.Test.InterfaceTest"/>
  <testcase name="username_fail" time="0.074" classname="com.pxm.Test.InterfaceTest"/>
</testsuite> <!-- com.pxm.Test.InterfaceTest -->
